2006.05.31 09:44 B G:\simplestecommerce\simplestecommerce_campioni\shop\icons\16x16\exit.gif <-- simplestecommerce /wwwroot/shop/icons/16x16 exit.gif
2006.05.31 09:44 B G:\simplestecommerce\simplestecommerce_campioni\shop\icons\16x16\exit.png <-- simplestecommerce /wwwroot/shop/icons/16x16 exit.png
2006.05.31 09:44 B G:\simplestecommerce\simplestecommerce_campioni\shop\icons\16x16\laptop.gif <-- simplestecommerce /wwwroot/shop/icons/16x16 laptop.gif
2006.05.31 09:44 B G:\simplestecommerce\simplestecommerce_campioni\shop\icons\16x16\laptop.png <-- simplestecommerce /wwwroot/shop/icons/16x16 laptop.png
2006.12.22 17:54 B G:\simplestecommerce\simplestecommerce_regaloacasa\shop\icons\16x16\exit.gif --> ftp.simplestecommerce.it /httpdocs/shop/icons/16x16 exit.gif
2006.12.22 17:54 B G:\simplestecommerce\simplestecommerce_regaloacasa\shop\icons\16x16\exit.png --> ftp.simplestecommerce.it /httpdocs/shop/icons/16x16 exit.png
2006.12.22 17:54 B G:\simplestecommerce\simplestecommerce_regaloacasa\shop\icons\16x16\laptop.gif --> ftp.simplestecommerce.it /httpdocs/shop/icons/16x16 laptop.gif
2006.12.22 17:54 B G:\simplestecommerce\simplestecommerce_regaloacasa\shop\icons\16x16\laptop.png --> ftp.simplestecommerce.it /httpdocs/shop/icons/16x16 laptop.png
2006.12.22 17:54 B G:\simplestecommerce\simplestecommerce_regaloacasa\shop\icons\16x16\WS_FTP.LOG --> ftp.simplestecommerce.it /httpdocs/shop/icons/16x16 WS_FTP.LOG
2007.06.12 18:20 B G:\simplestecommerce\simplestecommerce_OK\shop\icons\16x16\WS_FTP.LOG --> ftp.simplestecommerce.it /httpdocs/shop/icons/16x16 WS_FTP.LOG
2007.07.19 11:54 B G:\simplestecommerce\simplestecommerce_OK\shop\icons\16x16\WS_FTP.LOG --> ftp.bitstudio.name /httpdocs/shop/icons/16x16 WS_FTP.LOG
2007.09.24 23:45 B G:\simplestecommerce\simplestecommerce_OK\shop\icons\16x16\WS_FTP.LOG --> ftp.simplestecommerce.it /httpdocs/shop/icons/16x16 WS_FTP.LOG
2008.01.30 13:42 B G:\simplestecommerce\simplestecommerce_OK\shop3\icons\16x16\exit.gif --> ftp.simplestecommerce.it /httpdocs/shop3/icons/16x16 exit.gif
2008.01.30 13:42 B G:\simplestecommerce\simplestecommerce_OK\shop3\icons\16x16\exit.png --> ftp.simplestecommerce.it /httpdocs/shop3/icons/16x16 exit.png
2008.01.30 13:42 B G:\simplestecommerce\simplestecommerce_OK\shop3\icons\16x16\laptop.gif --> ftp.simplestecommerce.it /httpdocs/shop3/icons/16x16 laptop.gif
2008.01.30 13:42 B G:\simplestecommerce\simplestecommerce_OK\shop3\icons\16x16\laptop.png --> ftp.simplestecommerce.it /httpdocs/shop3/icons/16x16 laptop.png
2008.01.30 13:42 B G:\simplestecommerce\simplestecommerce_OK\shop3\icons\16x16\Thumbs.db --> ftp.simplestecommerce.it /httpdocs/shop3/icons/16x16 Thumbs.db
2008.01.30 13:42 B G:\simplestecommerce\simplestecommerce_OK\shop3\icons\16x16\WS_FTP.LOG --> ftp.simplestecommerce.it /httpdocs/shop3/icons/16x16 WS_FTP.LOG
2008.01.30 16:46 B G:\simplestecommerce\simplestecommerce_OK\shop3\icons\16x16\WS_FTP.LOG --> ftp.simplestecommerce.it /httpdocs/shop3/icons/16x16 WS_FTP.LOG
2008.02.24 23:48 B G:\simplestecommerce\simplestecommerce_OK\shop3\icons\16x16\WS_FTP.LOG --> ftp.simplestecommerce.it /httpdocs/shop3/icons/16x16 WS_FTP.LOG
2008.03.14 17:18 B G:\simplestecommerce\simplestecommerce_OK\shop3\icons\16x16\Thumbs.db --> ftp.simplestecommerce.it /httpdocs/shop3/icons/16x16 Thumbs.db
2008.03.14 17:36 B G:\simplestecommerce\simplestecommerce_OK\shop3\icons\16x16\WS_FTP.LOG --> ftp.simplestecommerce.it /httpdocs/shop3/icons/16x16 WS_FTP.LOG
2008.03.20 13:17 B G:\simplestecommerce\simplestecommerce_OK\shop3\icons\16x16\WS_FTP.LOG --> ftp.simplestecommerce.it /httpdocs/shop3/icons/16x16 WS_FTP.LOG
2008.04.07 02:04 B G:\simplestecommerce\simplestecommerce_OK\shop3\icons\16x16\WS_FTP.LOG --> ftp.simplestecommerce.it /httpdocs/shop3/icons/16x16 WS_FTP.LOG
2008.04.15 12:59 B G:\simplestecommerce\simplestecommerce_OK\shop3\icons\16x16\WS_FTP.LOG --> ftp.simplestecommerce.it /httpdocs/shop3/icons/16x16 WS_FTP.LOG
2008.09.25 11:26 B G:\simplestecommerce\simplestecommerce_OK\shop3\icons\16x16\exit.gif --> ftp.bitstudio.name /httpdocs/shop3/icons/16x16 exit.gif
2008.09.25 11:26 B G:\simplestecommerce\simplestecommerce_OK\shop3\icons\16x16\exit.png --> ftp.bitstudio.name /httpdocs/shop3/icons/16x16 exit.png
2008.09.25 11:26 B G:\simplestecommerce\simplestecommerce_OK\shop3\icons\16x16\laptop.gif --> ftp.bitstudio.name /httpdocs/shop3/icons/16x16 laptop.gif
2008.09.25 11:26 B G:\simplestecommerce\simplestecommerce_OK\shop3\icons\16x16\laptop.png --> ftp.bitstudio.name /httpdocs/shop3/icons/16x16 laptop.png
2008.09.25 11:26 B G:\simplestecommerce\simplestecommerce_OK\shop3\icons\16x16\Thumbs.db --> ftp.bitstudio.name /httpdocs/shop3/icons/16x16 Thumbs.db
2008.09.25 11:26 B G:\simplestecommerce\simplestecommerce_OK\shop3\icons\16x16\WS_FTP.LOG --> ftp.bitstudio.name /httpdocs/shop3/icons/16x16 WS_FTP.LOG
2008.10.07 12:27 B G:\simplestecommerce\simplestecommerce_OK\shop3\icons\16x16\WS_FTP.LOG --> ftp.simplestecommerce.it /httpdocs/shop3/icons/16x16 WS_FTP.LOG
2008.10.07 21:51 B G:\simplestecommerce\simplestecommerce_OK\shop3\icons\16x16\WS_FTP.LOG --> ftp.simplestecommerce.it /httpdocs/shop3/icons/16x16 WS_FTP.LOG
2008.10.13 18:28 B G:\simplestecommerce\simplestecommerce_OK\shop3\icons\16x16\WS_FTP.LOG --> ftp.bitstudio.name /httpdocs/shop3/icons/16x16 WS_FTP.LOG
2008.10.26 15:33 B G:\simplestecommerce\simplestecommerce_OK\shop3\icons\16x16\WS_FTP.LOG --> ftp.simplestecommerce.it /httpdocs/shop3/icons/16x16 WS_FTP.LOG
2008.10.27 12:14 B G:\simplestecommerce\simplestecommerce_OK\shop3\icons\16x16\WS_FTP.LOG --> ftp.simplestecommerce.it /httpdocs/shop3/icons/16x16 WS_FTP.LOG
